<?xml version="1.0" encoding="UTF-8"?>
<testng-results ignored="0" total="2" passed="2" failed="0" skipped="0">
  <reporter-output>
  </reporter-output>
  <suite started-at="2023-07-09T18:28:04 IST" name="Suite" finished-at="2023-07-09T18:29:44 IST" duration-ms="100081">
    <groups>
    </groups>
    <test started-at="2023-07-09T18:28:04 IST" name="Test" finished-at="2023-07-09T18:29:44 IST" duration-ms="100081">
      <class name="selenium_tests.Chrome114">
        <test-method signature="chromeLatest()[pri:0, instance:selenium_tests.Chrome114@233fe9b6]" started-at="2023-07-09T18:28:04 IST" name="chromeLatest" finished-at="2023-07-09T18:29:44 IST" duration-ms="100050" status="PASS">
          <reporter-output>
          </reporter-output>
        </test-method> <!-- chromeLatest -->
      </class> <!-- selenium_tests.Chrome114 -->
      <class name="selenium_tests.Chrome113">
        <test-method signature="chromeLatest()[pri:0, instance:selenium_tests.Chrome113@3901d134]" started-at="2023-07-09T18:28:04 IST" name="chromeLatest" finished-at="2023-07-09T18:29:13 IST" duration-ms="69135" status="PASS">
          <reporter-output>
          </reporter-output>
        </test-method> <!-- chromeLatest -->
      </class> <!-- selenium_tests.Chrome113 -->
    </test> <!-- Test -->
  </suite> <!-- Suite -->
</testng-results>
