<?xml version="1.0" encoding="UTF-8"?>
<testsuite xmlns:xsi="http://www.w3.org/2001/XMLSchema-instance" xsi:noNamespaceSchemaLocation="https://maven.apache.org/surefire/maven-surefire-plugin/xsd/surefire-test-report-3.0.xsd" version="3.0" name="TestSuite" time="100.623" tests="2" errors="0" skipped="0" failures="0">
  <properties>
[...]
</properties>
  <testcase name="chromeLatest" classname="selenium_tests.Chrome113" time="69.135">
    <system-out><![CDATA[Page title is: Google
Browser Version is:114.0.5735.133
Platform Name is:LINUX
Browser Name is:chrome
]]></system-out>
    <system-err><![CDATA[SLF4J: Failed to load class "org.slf4j.impl.StaticLoggerBinder".
SLF4J: Defaulting to no-operation (NOP) logger implementation
SLF4J: See http://www.slf4j.org/codes.html#StaticLoggerBinder for further details.
Jul 09, 2023 6:28:04 PM org.openqa.selenium.remote.tracing.opentelemetry.OpenTelemetryTracer createTracer
INFO: Using OpenTelemetry for tracing
]]></system-err>
  </testcase>
  <testcase name="chromeLatest" classname="selenium_tests.Chrome114" time="100.049">
    <system-out><![CDATA[Page title is: Online Shopping Site for Mobiles, Electronics, Furniture, Grocery, Lifestyle, Books & More. Best Offers!
Browser Version is:114.0.5735.133
Platform Name is:LINUX
Browser Name is:chrome
]]></system-out>
  </testcase>
</testsuite>