<?xml version="1.0" encoding="UTF-8"?>
<testng-results ignored="0" total="1" passed="1" failed="0" skipped="0">
  <reporter-output>
  </reporter-output>
  <suite started-at="2023-07-09T18:25:08 IST" name="Default suite" finished-at="2023-07-09T18:25:08 IST" duration-ms="478">
    <groups>
    </groups>
    <test started-at="2023-07-09T18:25:08 IST" name="Default test" finished-at="2023-07-09T18:25:08 IST" duration-ms="478">
      <class name="selenium_tests_auto_scaling.GetQueueSize">
        <test-method signature="getQueueSize()[pri:0, instance:selenium_tests_auto_scaling.GetQueueSize@10feca44]" started-at="2023-07-09T18:25:08 IST" name="getQueueSize" finished-at="2023-07-09T18:25:08 IST" duration-ms="449" status="PASS">
          <reporter-output>
          </reporter-output>
        </test-method> <!-- getQueueSize -->
      </class> <!-- selenium_tests_auto_scaling.GetQueueSize -->
    </test> <!-- Default test -->
  </suite> <!-- Default suite -->
</testng-results>
